<?xml version="1.0" encoding="UTF-8"?>
<testsuite xmlns:xsi="http://www.w3.org/2001/XMLSchema-instance" xsi:noNamespaceSchemaLocation="https://maven.apache.org/surefire/maven-surefire-plugin/xsd/surefire-test-report.xsd" name="com.example.apivitic.ApiviticApplicationTests" time="0.441" tests="1" errors="1" skipped="0" failures="0">
  <properties>
[...]
</properties>
  <testcase name="com.example.apivitic.ApiviticApplicationTests" classname="com.example.apivitic.ApiviticApplicationTests" time="0.44">
    <error message="Unable to find a @SpringBootConfiguration, you need to use @ContextConfiguration or @SpringBootTest(classes=...) with your test" type="java.lang.IllegalStateException">java.lang.IllegalStateException: Unable to find a @SpringBootConfiguration, you need to use @ContextConfiguration or @SpringBootTest(classes=...) with your test
</error>
    <system-out><![CDATA[22:49:50.639 [main] DEBUG org.springframework.test.context.BootstrapUtils - Instantiating CacheAwareContextLoaderDelegate from class [org.springframework.test.context.cache.DefaultCacheAwareContextLoaderDelegate]
22:49:50.661 [main] DEBUG org.springframework.test.context.BootstrapUtils - Instantiating BootstrapContext using constructor [public org.springframework.test.context.support.DefaultBootstrapContext(java.lang.Class,org.springframework.test.context.CacheAwareContextLoaderDelegate)]
22:49:50.723 [main] DEBUG org.springframework.test.context.BootstrapUtils - Instantiating TestContextBootstrapper for test class [com.example.apivitic.ApiviticApplicationTests] from class [org.springframework.boot.test.context.SpringBootTestContextBootstrapper]
22:49:50.744 [main] INFO org.springframework.boot.test.context.SpringBootTestContextBootstrapper - Neither @ContextConfiguration nor @ContextHierarchy found for test class [com.example.apivitic.ApiviticApplicationTests], using SpringBootContextLoader
22:49:50.749 [main] DEBUG org.springframework.test.context.support.AbstractContextLoader - Did not detect default resource location for test class [com.example.apivitic.ApiviticApplicationTests]: class path resource [com/example/apivitic/ApiviticApplicationTests-context.xml] does not exist
22:49:50.750 [main] DEBUG org.springframework.test.context.support.AbstractContextLoader - Did not detect default resource location for test class [com.example.apivitic.ApiviticApplicationTests]: class path resource [com/example/apivitic/ApiviticApplicationTestsContext.groovy] does not exist
22:49:50.750 [main] INFO org.springframework.test.context.support.AbstractContextLoader - Could not detect default resource locations for test class [com.example.apivitic.ApiviticApplicationTests]: no resource found for suffixes {-context.xml, Context.groovy}.
22:49:50.751 [main] INFO org.springframework.test.context.support.AnnotationConfigContextLoaderUtils - Could not detect default configuration classes for test class [com.example.apivitic.ApiviticApplicationTests]: ApiviticApplicationTests does not declare any static, non-private, non-final, nested classes annotated with @Configuration.
22:49:50.840 [main] DEBUG org.springframework.test.context.support.ActiveProfilesUtils - Could not find an 'annotation declaring class' for annotation type [org.springframework.test.context.ActiveProfiles] and class [com.example.apivitic.ApiviticApplicationTests]
]]></system-out>
  </testcase>
</testsuite>